Using SLF4J as the default logging framework
java.nio.Buffer.address: available
sun.misc.Unsafe.theUnsafe: available
sun.misc.Unsafe.copyMemory: available
java.nio.Bits.unaligned: true
Java version: 8
-Dio.netty.noUnsafe: false
sun.misc.Unsafe: available
-Dio.netty.noJavassist: false
Javassist: unavailable
You don't have Javassist in your class path or you don't have enough permission to load dynamically generated classes.  Please check the configuration for better performance.
-Dio.netty.tmpdir: /tmp (java.io.tmpdir)
-Dio.netty.bitMode: 64 (sun.arch.data.model)
-Dio.netty.noPreferDirect: false
*** Graphite Metrics Publishing is Disabled ***
-Dio.netty.eventLoopThreads: 8
-Dio.netty.noKeySetOptimization: false
-Dio.netty.selectorAutoRebuildThreshold: 512
-Dio.netty.initialSeedUniquifier: 0x29b0ecc2ff192a4f (took 7 ms)
-Dio.netty.allocator.type: unpooled
-Dio.netty.threadLocalDirectBufferSize: 65536
Loopback interface: lo (lo, 0:0:0:0:0:0:0:1%lo)
/proc/sys/net/core/somaxconn: 128
UID: 1000
-Dio.netty.leakDetectionLevel: simple
-Dio.netty.recycler.maxCapacity.default: 262144
java.nio.ByteBuffer.cleaner(): available

